ISim log file
Running: C:\Users\TungLT\Desktop\Recycle Bin\DEMO_FINAL_FPGA_FX2LP\STREAM_IN\fpga_fx2lp_final\fifo_stream_in_isim_beh.exe -intstyle ise -gui -tclbatch isim.cmd -wdb C:/Users/TungLT/Desktop/Recycle Bin/DEMO_FINAL_FPGA_FX2LP/STREAM_IN/fpga_fx2lp_final/fifo_stream_in_isim_beh.wdb 
ISim P.20131013 (signature 0x7708f090)
This is a Full version of ISim.
Time resolution is 1 ps
# onerror resume
# wave add /
# run 1000 ns
Simulator is doing circuit initialization process.
Finished circuit initialization process.
# isim force add /fifo_stream_in/clk 0 -radix bin -value 1 -radix bin -time 10415 ps -repeat 20830 ps
# isim force add /fifo_stream_in/clk 0 -radix bin -value 1 -radix bin -time 10415 ps -repeat 20830 ps
# isim force add /fifo_stream_in/clk_sample 0 -radix bin -value 1 -radix bin -time 30515 ps -repeat 61030 ps
# isim force add /fifo_stream_in/clk_sample 0 -radix bin -value 1 -radix bin -time 30515 ps -repeat 61030 ps
# isim force add /fifo_stream_in/flagd 0 -radix bin
# isim force add /fifo_stream_in/flagd 0 -radix bin
# run 1.00us
# isim force add /fifo_stream_in/flagd 1 -radix bin
# isim force add /fifo_stream_in/flagd 1 -radix bin
# run 1.00us
# run 1.00us
